<?xml version="1.0" encoding="UTF-8"?>
<testng-results ignored="0" total="1" passed="1" failed="0" skipped="0">
  <reporter-output>
  </reporter-output>
  <suite started-at="2019-03-22T11:20:37Z" name="InetbankingV2" finished-at="2019-03-22T11:21:32Z" duration-ms="55360">
    <groups>
    </groups>
    <test started-at="2019-03-22T11:20:37Z" name="BankingApp Test" finished-at="2019-03-22T11:21:32Z" duration-ms="55360">
      <class name="com.inetbanking.testCases.TC_LoginTest_001">
        <test-method is-config="true" signature="setup(java.lang.String)[pri:0, instance:com.inetbanking.testCases.TC_LoginTest_001@fd07cbb]" started-at="2019-03-22T11:20:37Z" name="setup" finished-at="2019-03-22T11:21:29Z" duration-ms="51736" status="PASS">
          <params>
            <param index="0">
              <value>
                <![CDATA[chrome]]>
              </value>
            </param>
          </params>
          <reporter-output>
          </reporter-output>
        </test-method> <!-- setup -->
        <test-method signature="loginTest()[pri:0, instance:com.inetbanking.testCases.TC_LoginTest_001@fd07cbb]" started-at="2019-03-22T11:21:29Z" name="loginTest" finished-at="2019-03-22T11:21:31Z" duration-ms="2210" status="PASS">
          <reporter-output>
          </reporter-output>
        </test-method> <!-- loginTest -->
        <test-method is-config="true" signature="tearDown()[pri:0, instance:com.inetbanking.testCases.TC_LoginTest_001@fd07cbb]" started-at="2019-03-22T11:21:31Z" name="tearDown" finished-at="2019-03-22T11:21:32Z" duration-ms="895" status="PASS">
          <reporter-output>
          </reporter-output>
        </test-method> <!-- tearDown -->
      </class> <!-- com.inetbanking.testCases.TC_LoginTest_001 -->
    </test> <!-- BankingApp Test -->
  </suite> <!-- InetbankingV2 -->
</testng-results>
